<?xml version="1.0" encoding="UTF-8"?>
<!-- Generated by org.testng.reporters.JUnitReportReporter -->
<testsuite hostname="W2027491" failures="0" tests="1" name="cucumberOptions.TestNgRunner" time="10.033" errors="0" timestamp="2023-10-27T16:39:03 IST" skipped="0">
  <testcase classname="cucumberOptions.TestNgRunner" name="runScenario" time="10.033"/>
</testsuite> <!-- cucumberOptions.TestNgRunner -->
